[26-Mar-2026 10:05:08 UTC] PHP Deprecated:  strtotime(): Passing null to parameter #1 ($datetime) of type string is deprecated in /home/thestrat/zentrapb.com/dashboard/index.php on line 367
[26-Mar-2026 10:05:10 UTC] PHP Deprecated:  strtotime(): Passing null to parameter #1 ($datetime) of type string is deprecated in /home/thestrat/zentrapb.com/dashboard/index.php on line 367
[26-Mar-2026 10:05:26 UTC] PHP Deprecated:  strtotime(): Passing null to parameter #1 ($datetime) of type string is deprecated in /home/thestrat/zentrapb.com/dashboard/index.php on line 367
[26-Mar-2026 10:08:00 UTC] PHP Deprecated:  strtotime(): Passing null to parameter #1 ($datetime) of type string is deprecated in /home/thestrat/zentrapb.com/dashboard/index.php on line 367
[26-Mar-2026 10:08:01 UTC] PHP Deprecated:  strtotime(): Passing null to parameter #1 ($datetime) of type string is deprecated in /home/thestrat/zentrapb.com/dashboard/index.php on line 367
[26-Mar-2026 14:05:17 UTC] PHP Deprecated:  strtotime(): Passing null to parameter #1 ($datetime) of type string is deprecated in /home/thestrat/zentrapb.com/dashboard/index.php on line 367
[27-Mar-2026 14:08:58 UTC] PHP Warning:  Undefined variable $row in /home/thestrat/zentrapb.com/dashboard/index.php on line 382
[27-Mar-2026 14:08:58 UTC] PHP Warning:  Trying to access array offset on value of type null in /home/thestrat/zentrapb.com/dashboard/index.php on line 382
[27-Mar-2026 14:09:13 UTC] PHP Warning:  Undefined variable $row in /home/thestrat/zentrapb.com/dashboard/index.php on line 382
[27-Mar-2026 14:09:13 UTC] PHP Warning:  Trying to access array offset on value of type null in /home/thestrat/zentrapb.com/dashboard/index.php on line 382
[27-Mar-2026 14:10:23 UTC] PHP Warning:  Undefined variable $row in /home/thestrat/zentrapb.com/dashboard/index.php on line 382
[27-Mar-2026 14:10:23 UTC] PHP Warning:  Trying to access array offset on value of type null in /home/thestrat/zentrapb.com/dashboard/index.php on line 382
[27-Mar-2026 14:11:19 UTC] PHP Warning:  Undefined variable $row in /home/thestrat/zentrapb.com/dashboard/index.php on line 383
[27-Mar-2026 14:11:19 UTC] PHP Warning:  Trying to access array offset on value of type null in /home/thestrat/zentrapb.com/dashboard/index.php on line 383
[27-Mar-2026 14:11:26 UTC] PHP Warning:  Undefined variable $row in /home/thestrat/zentrapb.com/dashboard/index.php on line 383
[27-Mar-2026 14:11:26 UTC] PHP Warning:  Trying to access array offset on value of type null in /home/thestrat/zentrapb.com/dashboard/index.php on line 383
[27-Mar-2026 14:12:38 UTC] PHP Fatal error:  Uncaught Error: Call to undefined function number_formate() in /home/thestrat/zentrapb.com/dashboard/index.php:365
Stack trace:
#0 {main}
  thrown in /home/thestrat/zentrapb.com/dashboard/index.php on line 365
[27-Mar-2026 14:12:59 UTC] PHP Fatal error:  Uncaught Error: Call to undefined function number_formate() in /home/thestrat/zentrapb.com/dashboard/index.php:365
Stack trace:
#0 {main}
  thrown in /home/thestrat/zentrapb.com/dashboard/index.php on line 365
[27-Mar-2026 14:23:47 UTC] PHP Fatal error:  Uncaught Error: Call to undefined function number_formate() in /home/thestrat/zentrapb.com/dashboard/index.php:224
Stack trace:
#0 {main}
  thrown in /home/thestrat/zentrapb.com/dashboard/index.php on line 224
[27-Mar-2026 14:24:09 UTC] PHP Fatal error:  Uncaught Error: Call to undefined function number_formate() in /home/thestrat/zentrapb.com/dashboard/index.php:224
Stack trace:
#0 {main}
  thrown in /home/thestrat/zentrapb.com/dashboard/index.php on line 224
[27-Mar-2026 14:24:30 UTC] PHP Fatal error:  Uncaught Error: Call to undefined function number_formate() in /home/thestrat/zentrapb.com/dashboard/index.php:224
Stack trace:
#0 {main}
  thrown in /home/thestrat/zentrapb.com/dashboard/index.php on line 224
[27-Mar-2026 14:27:54 UTC] PHP Deprecated:  strtotime(): Passing null to parameter #1 ($datetime) of type string is deprecated in /home/thestrat/zentrapb.com/dashboard/index.php on line 370
[27-Mar-2026 14:30:34 UTC] PHP Deprecated:  strtotime(): Passing null to parameter #1 ($datetime) of type string is deprecated in /home/thestrat/zentrapb.com/dashboard/index.php on line 370
[27-Mar-2026 14:43:52 UTC] PHP Fatal error:  Uncaught mysqli_sql_exception: Unknown column 'created_at' in 'field list' in /home/thestrat/zentrapb.com/dashboard/index.php:366
Stack trace:
#0 /home/thestrat/zentrapb.com/dashboard/index.php(366): mysqli->query()
#1 {main}
  thrown in /home/thestrat/zentrapb.com/dashboard/index.php on line 366
[27-Mar-2026 15:18:07 UTC] PHP Deprecated:  strtotime(): Passing null to parameter #1 ($datetime) of type string is deprecated in /home/thestrat/zentrapb.com/dashboard/index.php on line 376
[29-Mar-2026 09:01:51 UTC] PHP Fatal error:  Uncaught mysqli_sql_exception: Too many connections in /home/thestrat/zentrapb.com/server/connection.php:32
Stack trace:
#0 /home/thestrat/zentrapb.com/server/connection.php(32): mysqli_connect()
#1 /home/thestrat/zentrapb.com/dashboard/index.php(2): include('/home/thestrat/...')
#2 {main}
  thrown in /home/thestrat/zentrapb.com/server/connection.php on line 32
[29-Mar-2026 09:01:53 UTC] PHP Fatal error:  Uncaught mysqli_sql_exception: Too many connections in /home/thestrat/zentrapb.com/server/connection.php:32
Stack trace:
#0 /home/thestrat/zentrapb.com/server/connection.php(32): mysqli_connect()
#1 /home/thestrat/zentrapb.com/dashboard/index.php(2): include('/home/thestrat/...')
#2 {main}
  thrown in /home/thestrat/zentrapb.com/server/connection.php on line 32
[31-Mar-2026 08:25:22 UTC] PHP Fatal error:  Uncaught mysqli_sql_exception: Too many connections in /home/thestrat/zentrapb.com/server/connection.php:32
Stack trace:
#0 /home/thestrat/zentrapb.com/server/connection.php(32): mysqli_connect()
#1 /home/thestrat/zentrapb.com/dashboard/index.php(2): include('/home/thestrat/...')
#2 {main}
  thrown in /home/thestrat/zentrapb.com/server/connection.php on line 32
[31-Mar-2026 08:25:34 UTC] PHP Fatal error:  Uncaught mysqli_sql_exception: Too many connections in /home/thestrat/zentrapb.com/server/connection.php:32
Stack trace:
#0 /home/thestrat/zentrapb.com/server/connection.php(32): mysqli_connect()
#1 /home/thestrat/zentrapb.com/dashboard/index.php(2): include('/home/thestrat/...')
#2 {main}
  thrown in /home/thestrat/zentrapb.com/server/connection.php on line 32
[31-Mar-2026 08:40:09 UTC] PHP Warning:  Undefined array key "state" in /home/thestrat/zentrapb.com/dashboard/index.php on line 467
[31-Mar-2026 08:40:09 UTC] PHP Warning:  Undefined array key "state" in /home/thestrat/zentrapb.com/dashboard/index.php on line 467
[31-Mar-2026 08:41:20 UTC] PHP Warning:  Undefined array key "state" in /home/thestrat/zentrapb.com/dashboard/index.php on line 467
[31-Mar-2026 08:41:20 UTC] PHP Warning:  Undefined array key "state" in /home/thestrat/zentrapb.com/dashboard/index.php on line 467
[31-Mar-2026 08:41:20 UTC] PHP Warning:  Undefined array key "state" in /home/thestrat/zentrapb.com/dashboard/index.php on line 467
[31-Mar-2026 10:03:34 UTC] PHP Fatal error:  Uncaught mysqli_sql_exception: Too many connections in /home/thestrat/zentrapb.com/server/connection.php:32
Stack trace:
#0 /home/thestrat/zentrapb.com/server/connection.php(32): mysqli_connect()
#1 /home/thestrat/zentrapb.com/dashboard/index.php(2): include('/home/thestrat/...')
#2 {main}
  thrown in /home/thestrat/zentrapb.com/server/connection.php on line 32
