[21-Mar-2026 13:42:00 UTC] PHP Fatal error:  Uncaught mysqli_sql_exception: Access denied for user 'root'@'localhost' (using password: NO) in /home/thestrat/zentrapb.com/server/connection.php:45
Stack trace:
#0 /home/thestrat/zentrapb.com/server/connection.php(45): mysqli_connect()
#1 /home/thestrat/zentrapb.com/admin/dashboard/index.php(3): include('/home/thestrat/...')
#2 {main}
  thrown in /home/thestrat/zentrapb.com/server/connection.php on line 45
[22-Mar-2026 22:27:43 UTC] PHP Fatal error:  Uncaught mysqli_sql_exception: Too many connections in /home/thestrat/zentrapb.com/server/connection.php:32
Stack trace:
#0 /home/thestrat/zentrapb.com/server/connection.php(32): mysqli_connect()
#1 /home/thestrat/zentrapb.com/admin/dashboard/index.php(3): include('/home/thestrat/...')
#2 {main}
  thrown in /home/thestrat/zentrapb.com/server/connection.php on line 32
[25-Mar-2026 09:30:03 UTC] PHP Fatal error:  Uncaught mysqli_sql_exception: Too many connections in /home/thestrat/zentrapb.com/server/connection.php:32
Stack trace:
#0 /home/thestrat/zentrapb.com/server/connection.php(32): mysqli_connect()
#1 /home/thestrat/zentrapb.com/admin/dashboard/index.php(3): include('/home/thestrat/...')
#2 {main}
  thrown in /home/thestrat/zentrapb.com/server/connection.php on line 32
[25-Mar-2026 09:30:07 UTC] PHP Fatal error:  Uncaught mysqli_sql_exception: Too many connections in /home/thestrat/zentrapb.com/server/connection.php:32
Stack trace:
#0 /home/thestrat/zentrapb.com/server/connection.php(32): mysqli_connect()
#1 /home/thestrat/zentrapb.com/admin/dashboard/index.php(3): include('/home/thestrat/...')
#2 {main}
  thrown in /home/thestrat/zentrapb.com/server/connection.php on line 32
