[25-Mar-2026 08:34:30 UTC] PHP Fatal error:  Uncaught mysqli_sql_exception: Too many connections in /home/thestrat/zentrapb.com/server/connection.php:32
Stack trace:
#0 /home/thestrat/zentrapb.com/server/connection.php(32): mysqli_connect()
#1 /home/thestrat/zentrapb.com/transfer/index.php(2): include('/home/thestrat/...')
#2 {main}
  thrown in /home/thestrat/zentrapb.com/server/connection.php on line 32
[25-Mar-2026 08:34:33 UTC] PHP Fatal error:  Uncaught mysqli_sql_exception: Too many connections in /home/thestrat/zentrapb.com/server/connection.php:32
Stack trace:
#0 /home/thestrat/zentrapb.com/server/connection.php(32): mysqli_connect()
#1 /home/thestrat/zentrapb.com/transfer/index.php(2): include('/home/thestrat/...')
#2 {main}
  thrown in /home/thestrat/zentrapb.com/server/connection.php on line 32
[25-Mar-2026 13:12:56 UTC] PHP Fatal error:  Uncaught mysqli_sql_exception: Too many connections in /home/thestrat/zentrapb.com/server/connection.php:32
Stack trace:
#0 /home/thestrat/zentrapb.com/server/connection.php(32): mysqli_connect()
#1 /home/thestrat/zentrapb.com/transfer/index.php(2): include('/home/thestrat/...')
#2 {main}
  thrown in /home/thestrat/zentrapb.com/server/connection.php on line 32
[25-Mar-2026 13:13:27 UTC] PHP Fatal error:  Uncaught mysqli_sql_exception: Too many connections in /home/thestrat/zentrapb.com/server/connection.php:32
Stack trace:
#0 /home/thestrat/zentrapb.com/server/connection.php(32): mysqli_connect()
#1 /home/thestrat/zentrapb.com/transfer/index.php(2): include('/home/thestrat/...')
#2 {main}
  thrown in /home/thestrat/zentrapb.com/server/connection.php on line 32
[25-Mar-2026 13:13:31 UTC] PHP Fatal error:  Uncaught mysqli_sql_exception: Too many connections in /home/thestrat/zentrapb.com/server/connection.php:32
Stack trace:
#0 /home/thestrat/zentrapb.com/server/connection.php(32): mysqli_connect()
#1 /home/thestrat/zentrapb.com/transfer/index.php(2): include('/home/thestrat/...')
#2 {main}
  thrown in /home/thestrat/zentrapb.com/server/connection.php on line 32
