[25-Mar-2026 13:12:34 UTC] PHP Fatal error:  Uncaught mysqli_sql_exception: Too many connections in /home/thestrat/zentrapb.com/server/connection.php:32
Stack trace:
#0 /home/thestrat/zentrapb.com/server/connection.php(32): mysqli_connect()
#1 /home/thestrat/zentrapb.com/transfer/transfer_history/index.php(3): include('/home/thestrat/...')
#2 {main}
  thrown in /home/thestrat/zentrapb.com/server/connection.php on line 32
[25-Mar-2026 13:12:42 UTC] PHP Fatal error:  Uncaught mysqli_sql_exception: Too many connections in /home/thestrat/zentrapb.com/server/connection.php:32
Stack trace:
#0 /home/thestrat/zentrapb.com/server/connection.php(32): mysqli_connect()
#1 /home/thestrat/zentrapb.com/transfer/transfer_history/index.php(3): include('/home/thestrat/...')
#2 {main}
  thrown in /home/thestrat/zentrapb.com/server/connection.php on line 32
[25-Mar-2026 13:12:45 UTC] PHP Fatal error:  Uncaught mysqli_sql_exception: Too many connections in /home/thestrat/zentrapb.com/server/connection.php:32
Stack trace:
#0 /home/thestrat/zentrapb.com/server/connection.php(32): mysqli_connect()
#1 /home/thestrat/zentrapb.com/transfer/transfer_history/index.php(3): include('/home/thestrat/...')
#2 {main}
  thrown in /home/thestrat/zentrapb.com/server/connection.php on line 32
[26-Mar-2026 10:04:51 UTC] PHP Deprecated:  strtotime(): Passing null to parameter #1 ($datetime) of type string is deprecated in /home/thestrat/zentrapb.com/transfer/transfer_history/index.php on line 137
[02-Apr-2026 08:03:26 UTC] PHP Deprecated:  strtotime(): Passing null to parameter #1 ($datetime) of type string is deprecated in /home/thestrat/zentrapb.com/transfer/transfer_history/index.php on line 137
[02-Apr-2026 08:03:26 UTC] PHP Deprecated:  strtotime(): Passing null to parameter #1 ($datetime) of type string is deprecated in /home/thestrat/zentrapb.com/transfer/transfer_history/index.php on line 137
[02-Apr-2026 08:32:13 UTC] PHP Deprecated:  strtotime(): Passing null to parameter #1 ($datetime) of type string is deprecated in /home/thestrat/zentrapb.com/transfer/transfer_history/index.php on line 137
[02-Apr-2026 08:32:13 UTC] PHP Deprecated:  strtotime(): Passing null to parameter #1 ($datetime) of type string is deprecated in /home/thestrat/zentrapb.com/transfer/transfer_history/index.php on line 137
[02-Apr-2026 09:42:16 UTC] PHP Deprecated:  strtotime(): Passing null to parameter #1 ($datetime) of type string is deprecated in /home/thestrat/zentrapb.com/transfer/transfer_history/index.php on line 137
[02-Apr-2026 09:42:16 UTC] PHP Deprecated:  strtotime(): Passing null to parameter #1 ($datetime) of type string is deprecated in /home/thestrat/zentrapb.com/transfer/transfer_history/index.php on line 137
