[26-Mar-2026 14:09:02 UTC] PHP Fatal error:  Uncaught mysqli_sql_exception: Too many connections in /home/thestrat/zentrapb.com/server/connection.php:32
Stack trace:
#0 /home/thestrat/zentrapb.com/server/connection.php(32): mysqli_connect()
#1 /home/thestrat/zentrapb.com/admin/withdrawal/details/index.php(2): include('/home/thestrat/...')
#2 {main}
  thrown in /home/thestrat/zentrapb.com/server/connection.php on line 32
[26-Mar-2026 14:09:02 UTC] PHP Fatal error:  Uncaught mysqli_sql_exception: Too many connections in /home/thestrat/zentrapb.com/server/connection.php:32
Stack trace:
#0 /home/thestrat/zentrapb.com/server/connection.php(32): mysqli_connect()
#1 /home/thestrat/zentrapb.com/admin/withdrawal/details/index.php(2): include('/home/thestrat/...')
#2 {main}
  thrown in /home/thestrat/zentrapb.com/server/connection.php on line 32
[26-Mar-2026 14:09:02 UTC] PHP Fatal error:  Uncaught mysqli_sql_exception: Too many connections in /home/thestrat/zentrapb.com/server/connection.php:32
Stack trace:
#0 /home/thestrat/zentrapb.com/server/connection.php(32): mysqli_connect()
#1 /home/thestrat/zentrapb.com/admin/withdrawal/details/index.php(2): include('/home/thestrat/...')
#2 {main}
  thrown in /home/thestrat/zentrapb.com/server/connection.php on line 32
[26-Mar-2026 14:09:02 UTC] PHP Fatal error:  Uncaught mysqli_sql_exception: Too many connections in /home/thestrat/zentrapb.com/server/connection.php:32
Stack trace:
#0 /home/thestrat/zentrapb.com/server/connection.php(32): mysqli_connect()
#1 /home/thestrat/zentrapb.com/admin/withdrawal/details/index.php(2): include('/home/thestrat/...')
#2 {main}
  thrown in /home/thestrat/zentrapb.com/server/connection.php on line 32
