[29-Mar-2026 20:42:20 UTC] PHP Warning:  Undefined array key "user_id" in /home/thestrat/zentrapb.com/transaction/index.php on line 7
[29-Mar-2026 20:42:20 UTC] PHP Warning:  Undefined array key "user_id" in /home/thestrat/zentrapb.com/include/header.php on line 3
[29-Mar-2026 20:42:20 UTC] PHP Warning:  Trying to access array offset on value of type null in /home/thestrat/zentrapb.com/include/header.php on line 16
[29-Mar-2026 20:42:20 UTC] PHP Warning:  Trying to access array offset on value of type null in /home/thestrat/zentrapb.com/include/header.php on line 17
[29-Mar-2026 20:42:21 UTC] PHP Warning:  Undefined array key "user_id" in /home/thestrat/zentrapb.com/transaction/index.php on line 7
[29-Mar-2026 20:42:21 UTC] PHP Warning:  Undefined array key "user_id" in /home/thestrat/zentrapb.com/include/header.php on line 3
[29-Mar-2026 20:42:21 UTC] PHP Warning:  Trying to access array offset on value of type null in /home/thestrat/zentrapb.com/include/header.php on line 16
[29-Mar-2026 20:42:21 UTC] PHP Warning:  Trying to access array offset on value of type null in /home/thestrat/zentrapb.com/include/header.php on line 17
[29-Mar-2026 20:42:21 UTC] PHP Warning:  Undefined array key "user_id" in /home/thestrat/zentrapb.com/transaction/index.php on line 7
[29-Mar-2026 20:42:21 UTC] PHP Warning:  Undefined array key "user_id" in /home/thestrat/zentrapb.com/include/header.php on line 3
[29-Mar-2026 20:42:21 UTC] PHP Warning:  Trying to access array offset on value of type null in /home/thestrat/zentrapb.com/include/header.php on line 16
[29-Mar-2026 20:42:21 UTC] PHP Warning:  Trying to access array offset on value of type null in /home/thestrat/zentrapb.com/include/header.php on line 17
[31-Mar-2026 08:44:03 UTC] PHP Fatal error:  Uncaught mysqli_sql_exception: Too many connections in /home/thestrat/zentrapb.com/server/connection.php:32
Stack trace:
#0 /home/thestrat/zentrapb.com/server/connection.php(32): mysqli_connect()
#1 /home/thestrat/zentrapb.com/transaction/index.php(2): include('/home/thestrat/...')
#2 {main}
  thrown in /home/thestrat/zentrapb.com/server/connection.php on line 32
[31-Mar-2026 10:02:26 UTC] PHP Warning:  Undefined array key "date" in /home/thestrat/zentrapb.com/transaction/index.php on line 190
[31-Mar-2026 10:02:56 UTC] PHP Warning:  Undefined array key "date" in /home/thestrat/zentrapb.com/transaction/index.php on line 190
[31-Mar-2026 10:03:21 UTC] PHP Warning:  Undefined array key "date" in /home/thestrat/zentrapb.com/transaction/index.php on line 190
[31-Mar-2026 16:57:24 UTC] PHP Warning:  Undefined array key "date" in /home/thestrat/zentrapb.com/transaction/index.php on line 190
[31-Mar-2026 17:28:04 UTC] PHP Warning:  Undefined array key "date" in /home/thestrat/zentrapb.com/transaction/index.php on line 190
[31-Mar-2026 17:28:04 UTC] PHP Warning:  Undefined array key "date" in /home/thestrat/zentrapb.com/transaction/index.php on line 190
[31-Mar-2026 17:28:25 UTC] PHP Warning:  Undefined array key "date" in /home/thestrat/zentrapb.com/transaction/index.php on line 190
[31-Mar-2026 22:08:51 UTC] PHP Warning:  Undefined array key "date" in /home/thestrat/zentrapb.com/transaction/index.php on line 190
[31-Mar-2026 22:08:53 UTC] PHP Warning:  Undefined array key "user_id" in /home/thestrat/zentrapb.com/transaction/index.php on line 7
[31-Mar-2026 22:08:53 UTC] PHP Warning:  Undefined array key "user_id" in /home/thestrat/zentrapb.com/include/header.php on line 3
[31-Mar-2026 22:08:53 UTC] PHP Warning:  Trying to access array offset on value of type null in /home/thestrat/zentrapb.com/include/header.php on line 16
[31-Mar-2026 22:08:53 UTC] PHP Warning:  Trying to access array offset on value of type null in /home/thestrat/zentrapb.com/include/header.php on line 17
[31-Mar-2026 22:08:53 UTC] PHP Warning:  Undefined array key "date" in /home/thestrat/zentrapb.com/transaction/index.php on line 190
[31-Mar-2026 22:08:53 UTC] PHP Warning:  Undefined array key "user_id" in /home/thestrat/zentrapb.com/transaction/index.php on line 7
[31-Mar-2026 22:08:53 UTC] PHP Warning:  Undefined array key "user_id" in /home/thestrat/zentrapb.com/include/header.php on line 3
[31-Mar-2026 22:08:53 UTC] PHP Warning:  Trying to access array offset on value of type null in /home/thestrat/zentrapb.com/include/header.php on line 16
[31-Mar-2026 22:08:53 UTC] PHP Warning:  Trying to access array offset on value of type null in /home/thestrat/zentrapb.com/include/header.php on line 17
[31-Mar-2026 22:08:53 UTC] PHP Warning:  Undefined array key "date" in /home/thestrat/zentrapb.com/transaction/index.php on line 190
[31-Mar-2026 22:08:53 UTC] PHP Warning:  Undefined array key "user_id" in /home/thestrat/zentrapb.com/transaction/index.php on line 7
[31-Mar-2026 22:08:53 UTC] PHP Warning:  Undefined array key "user_id" in /home/thestrat/zentrapb.com/include/header.php on line 3
[31-Mar-2026 22:08:53 UTC] PHP Warning:  Trying to access array offset on value of type null in /home/thestrat/zentrapb.com/include/header.php on line 16
[31-Mar-2026 22:08:53 UTC] PHP Warning:  Trying to access array offset on value of type null in /home/thestrat/zentrapb.com/include/header.php on line 17
[31-Mar-2026 22:08:53 UTC] PHP Warning:  Undefined array key "date" in /home/thestrat/zentrapb.com/transaction/index.php on line 190
[02-Apr-2026 07:19:25 UTC] PHP Warning:  Undefined array key "date" in /home/thestrat/zentrapb.com/transaction/index.php on line 190
[02-Apr-2026 07:20:26 UTC] PHP Warning:  Undefined array key "date" in /home/thestrat/zentrapb.com/transaction/index.php on line 190
[02-Apr-2026 08:12:03 UTC] PHP Warning:  Undefined array key "date" in /home/thestrat/zentrapb.com/transaction/index.php on line 190
[02-Apr-2026 08:12:32 UTC] PHP Warning:  Undefined array key "date" in /home/thestrat/zentrapb.com/transaction/index.php on line 190
[02-Apr-2026 08:42:10 UTC] PHP Warning:  Undefined array key "date" in /home/thestrat/zentrapb.com/transaction/index.php on line 190
[02-Apr-2026 09:56:49 UTC] PHP Warning:  Undefined array key "date" in /home/thestrat/zentrapb.com/transaction/index.php on line 190
[02-Apr-2026 10:01:40 UTC] PHP Warning:  Undefined array key "date" in /home/thestrat/zentrapb.com/transaction/index.php on line 190
[02-Apr-2026 10:49:24 UTC] PHP Warning:  Undefined array key "date" in /home/thestrat/zentrapb.com/transaction/index.php on line 190
[02-Apr-2026 14:35:38 UTC] PHP Warning:  Undefined array key "date" in /home/thestrat/zentrapb.com/transaction/index.php on line 190
[02-Apr-2026 14:35:40 UTC] PHP Warning:  Undefined array key "user_id" in /home/thestrat/zentrapb.com/transaction/index.php on line 7
[02-Apr-2026 14:35:40 UTC] PHP Warning:  Undefined array key "user_id" in /home/thestrat/zentrapb.com/include/header.php on line 3
[02-Apr-2026 14:35:40 UTC] PHP Warning:  Trying to access array offset on value of type null in /home/thestrat/zentrapb.com/include/header.php on line 16
[02-Apr-2026 14:35:40 UTC] PHP Warning:  Trying to access array offset on value of type null in /home/thestrat/zentrapb.com/include/header.php on line 17
[02-Apr-2026 14:35:40 UTC] PHP Warning:  Undefined array key "date" in /home/thestrat/zentrapb.com/transaction/index.php on line 190
[02-Apr-2026 14:35:40 UTC] PHP Warning:  Undefined array key "user_id" in /home/thestrat/zentrapb.com/transaction/index.php on line 7
[02-Apr-2026 14:35:40 UTC] PHP Warning:  Undefined array key "user_id" in /home/thestrat/zentrapb.com/include/header.php on line 3
[02-Apr-2026 14:35:40 UTC] PHP Warning:  Trying to access array offset on value of type null in /home/thestrat/zentrapb.com/include/header.php on line 16
[02-Apr-2026 14:35:40 UTC] PHP Warning:  Trying to access array offset on value of type null in /home/thestrat/zentrapb.com/include/header.php on line 17
[02-Apr-2026 14:35:40 UTC] PHP Warning:  Undefined array key "date" in /home/thestrat/zentrapb.com/transaction/index.php on line 190
[02-Apr-2026 14:35:40 UTC] PHP Warning:  Undefined array key "user_id" in /home/thestrat/zentrapb.com/transaction/index.php on line 7
[02-Apr-2026 14:35:40 UTC] PHP Warning:  Undefined array key "user_id" in /home/thestrat/zentrapb.com/include/header.php on line 3
[02-Apr-2026 14:35:40 UTC] PHP Warning:  Trying to access array offset on value of type null in /home/thestrat/zentrapb.com/include/header.php on line 16
[02-Apr-2026 14:35:40 UTC] PHP Warning:  Trying to access array offset on value of type null in /home/thestrat/zentrapb.com/include/header.php on line 17
[02-Apr-2026 14:35:40 UTC] PHP Warning:  Undefined array key "date" in /home/thestrat/zentrapb.com/transaction/index.php on line 190
[02-Apr-2026 15:37:16 UTC] PHP Warning:  Undefined array key "date" in /home/thestrat/zentrapb.com/transaction/index.php on line 190
[02-Apr-2026 16:16:17 UTC] PHP Warning:  Undefined array key "date" in /home/thestrat/zentrapb.com/transaction/index.php on line 190
[02-Apr-2026 16:16:21 UTC] PHP Warning:  Undefined array key "date" in /home/thestrat/zentrapb.com/transaction/index.php on line 190
[02-Apr-2026 16:18:03 UTC] PHP Warning:  Undefined array key "date" in /home/thestrat/zentrapb.com/transaction/index.php on line 190
[03-Apr-2026 12:32:37 UTC] PHP Warning:  Undefined array key "date" in /home/thestrat/zentrapb.com/transaction/index.php on line 190
[03-Apr-2026 12:37:02 UTC] PHP Deprecated:  ucfirst(): Passing null to parameter #1 ($string) of type string is deprecated in /home/thestrat/zentrapb.com/transaction/index.php on line 239
[03-Apr-2026 12:37:58 UTC] PHP Deprecated:  ucfirst(): Passing null to parameter #1 ($string) of type string is deprecated in /home/thestrat/zentrapb.com/transaction/index.php on line 239
[03-Apr-2026 12:38:12 UTC] PHP Deprecated:  ucfirst(): Passing null to parameter #1 ($string) of type string is deprecated in /home/thestrat/zentrapb.com/transaction/index.php on line 239
